NjM4OTQ0OTc4Mjc3NzYxMDQ1.Xbvssg.qS5TEN1387HEci82yztRfbhIWFI
InstaBot#5130 has connected to Discord!
MakiTestServer
@everyone
instasquad
InstaBot
current latesttext None
new post? White and purple premium replicant taking all offers wont except under 340 10/10 opened to take pics and closed back up I have a green and purple premium as well. If anymore information is needed dm I have refs. Comes with ALL ORIGINAL PACKAGING #balisongsale #balisongsales #balisong #knifesale #brs #bladerunnerssystems #brsreplicant
attempted a query
attempted a query
attempted a query
attempted a query
attempted a query
attempted a query
attempted a query
attempted a query
attempted a query
attempted a query
attempted a query
attempted a query
attempted a query
attempted a query
attempted a query
attempted a query
attempted a query
attempted a query
attempted a query
attempted a query
attempted a query
attempted a query
attempted a query
attempted a query
attempted a query
attempted a query
attempted a query
attempted a query
attempted a query
attempted a query
attempted a query
attempted a query
attempted a query
attempted a query
attempted a query
current latesttext White and purple premium replicant taking all offers wont except under 340 10/10 opened to take pics and closed back up I have a green and purple premium as well. If anymore information is needed dm I have refs. Comes with ALL ORIGINAL PACKAGING #balisongsale #balisongsales #balisong #knifesale #brs #bladerunnerssystems #brsreplicant
new post? ❗️For Sale❗️*Maybe Trade*
- Channel Alpha Beast: Mint condition, come with everything. Asking $650 obo.
- Benchmade 41mc: Mint condition, come with everything. Asking $1100 obo.
- Squiggle 63: Great condition, one scratch on side of the handle, knife only, ano was done by @iamnotarealboy. Asking $500 obo.
* CONUS only, all price only include USPS shipping fees.*
#knife #balisong #balisongsale
attempted a query
attempted a query
attempted a query
attempted a query
attempted a query
attempted a query
attempted a query
attempted a query
attempted a query
attempted a query
attempted a query
attempted a query
attempted a query
attempted a query
attempted a query
attempted a query
attempted a query
attempted a query
attempted a query
attempted a query
attempted a query
attempted a query
attempted a query
attempted a query
attempted a query
attempted a query
attempted a query
attempted a query
attempted a query
attempted a query
attempted a query
attempted a query
attempted a query
attempted a query
attempted a query
attempted a query
attempted a query
attempted a query
attempted a query
attempted a query
attempted a query
attempted a query
attempted a query
attempted a query
attempted a query
attempted a query
attempted a query
attempted a query
attempted a query
attempted a query
attempted a query
attempted a query
attempted a query
attempted a query
attempted a query
attempted a query
attempted a query
attempted a query
attempted a query
attempted a query
attempted a query
attempted a query
attempted a query
attempted a query
attempted a query
current latesttext ❗️For Sale❗️*Maybe Trade*
- Channel Alpha Beast: Mint condition, come with everything. Asking $650 obo.
- Benchmade 41mc: Mint condition, come with everything. Asking $1100 obo.
- Squiggle 63: Great condition, one scratch on side of the handle, knife only, ano was done by @iamnotarealboy. Asking $500 obo.
* CONUS only, all price only include USPS shipping fees.*
#knife #balisong #balisongsale
new post? Check last post for details. #repost #knifesales #balisongsale #edc #knifeporn #sale
attempted a query
current latesttext Check last post for details. #repost #knifesales #balisongsale #edc #knifeporn #sale
new post? Wtt 8/10 nrb trapcode+ cash for stock rep
#balisongsale #balisongcommunity #balisong #butterflyknife
attempted a query
attempted a query
attempted a query
attempted a query
attempted a query
attempted a query
attempted a query
attempted a query
attempted a query
attempted a query
attempted a query
attempted a query
attempted a query
attempted a query
attempted a query
attempted a query
attempted a query
attempted a query
attempted a query
attempted a query
attempted a query
attempted a query
attempted a query
attempted a query
attempted a query
attempted a query
attempted a query
attempted a query
attempted a query
attempted a query
attempted a query
attempted a query
attempted a query
attempted a query
attempted a query
attempted a query
attempted a query
attempted a query
attempted a query
attempted a query
attempted a query
attempted a query
attempted a query
attempted a query
attempted a query
attempted a query
attempted a query
attempted a query
attempted a query
attempted a query
attempted a query
attempted a query
attempted a query
attempted a query
attempted a query
attempted a query
attempted a query
attempted a query
attempted a query
attempted a query
attempted a query
attempted a query
attempted a query
attempted a query
attempted a query
attempted a query
attempted a query
attempted a query
attempted a query
attempted a query
attempted a query
attempted a query
attempted a query
attempted a query
attempted a query
attempted a query
attempted a query
attempted a query
attempted a query
attempted a query
attempted a query
attempted a query
attempted a query
attempted a query
attempted a query
attempted a query
current latesttext Wtt 8/10 nrb trapcode+ cash for stock rep
#balisongsale #balisongcommunity #balisong #butterflyknife
new post? [WTS] Maxace Scorpius Balisong

Condition: 8.5-9/10

Modded: (Orange Peel) [SV] $190

Has training blade installed and latch removed, but comes with live blade, latch, original box, and extra hardware.

Pics: https://imgur.com/a/phabgkU

#balisongsale
#knifesales
attempted a query
attempted a query
attempted a query
attempted a query
attempted a query
attempted a query
attempted a query
attempted a query
attempted a query
attempted a query
attempted a query
attempted a query
current latesttext [WTS] Maxace Scorpius Balisong

Condition: 8.5-9/10

Modded: (Orange Peel) [SV] $190

Has training blade installed and latch removed, but comes with live blade, latch, original box, and extra hardware.

Pics: https://imgur.com/a/phabgkU

#balisongsale
#knifesales
new post? Standard Replicant from@most recent KC drop. *MINT* $275 net to me,shipped to you. CONUS only please. #balisongsale #balisongsales #knifesales #knifesaleknifetrade DM for more pics *never flipped*
attempted a query
attempted a query
attempted a query
attempted a query
attempted a query
attempted a query
current latesttext Standard Replicant from@most recent KC drop. *MINT* $275 net to me,shipped to you. CONUS only please. #balisongsale #balisongsales #knifesales #knifesaleknifetrade DM for more pics *never flipped*
new post? Standard Replicant from most recent KC drop. *MINT* $275 net to me,shipped to you. CONUS only please. #balisongsale #balisongsales #knifesales #knifesaleknifetrade DM for more pics *never flipped*
attempted a query
attempted a query
attempted a query
attempted a query
attempted a query
attempted a query
attempted a query
attempted a query
attempted a query
attempted a query
attempted a query
attempted a query
attempted a query
attempted a query
attempted a query
attempted a query
attempted a query
attempted a query
attempted a query
attempted a query
attempted a query
attempted a query
attempted a query
attempted a query
attempted a query
attempted a query
attempted a query
attempted a query
attempted a query
attempted a query
attempted a query
attempted a query
attempted a query
attempted a query
attempted a query
attempted a query
attempted a query
attempted a query
attempted a query
attempted a query
attempted a query
attempted a query
attempted a query
attempted a query
attempted a query
attempted a query
attempted a query
attempted a query
attempted a query
attempted a query
attempted a query
attempted a query
attempted a query
attempted a query
attempted a query
attempted a query
attempted a query
attempted a query
attempted a query
attempted a query
attempted a query
attempted a query
attempted a query
attempted a query
attempted a query
attempted a query
attempted a query
attempted a query
attempted a query
attempted a query
attempted a query
attempted a query
attempted a query
attempted a query
attempted a query
attempted a query
attempted a query
attempted a query
attempted a query
attempted a query
attempted a query
attempted a query
attempted a query
attempted a query
attempted a query
attempted a query
attempted a query
attempted a query
attempted a query
attempted a query
attempted a query
attempted a query
attempted a query
attempted a query
attempted a query
attempted a query
attempted a query
attempted a query
attempted a query
attempted a query
attempted a query
attempted a query
attempted a query
attempted a query
attempted a query
attempted a query
attempted a query
attempted a query
attempted a query
attempted a query
attempted a query
attempted a query
attempted a query
attempted a query
attempted a query
attempted a query
attempted a query
attempted a query
attempted a query
attempted a query
attempted a query
attempted a query
attempted a query
attempted a query
attempted a query
attempted a query
attempted a query
attempted a query
attempted a query
attempted a query
attempted a query
attempted a query
attempted a query
attempted a query
attempted a query
attempted a query
attempted a query
Traceback (most recent call last):
  File "src/bot.py", line 99, in <module>
    client.run(token)
  File "/home/ubuntu/.local/lib/python3.6/site-packages/discord/client.py", line 595, in run
    _cleanup_loop(loop)
  File "/home/ubuntu/.local/lib/python3.6/site-packages/discord/client.py", line 92, in _cleanup_loop
    _cancel_tasks(loop)
  File "/home/ubuntu/.local/lib/python3.6/site-packages/discord/client.py", line 77, in _cancel_tasks
    loop.run_until_complete(asyncio.gather(*tasks, loop=loop, return_exceptions=True))
  File "/usr/lib/python3.6/asyncio/base_events.py", line 482, in run_until_complete
    raise RuntimeError('Event loop stopped before Future completed.')
RuntimeError: Event loop stopped before Future completed.
